<?xml version="1.0" encoding="UTF-8"?>
<!-- Generated by org.testng.reporters.JUnitReportReporter -->
<testsuite name="com.openmrs.testcase.TC_Login01" tests="1" time="18.966" ignored="0" failures="0" timestamp="07 May 2023 02:54:41 GMT" skipped="0" hostname="Santhanam" errors="0">
  <testcase name="Dashboard" time="18.966" classname="com.openmrs.testcase.TC_Login01"/>
</testsuite> <!-- com.openmrs.testcase.TC_Login01 -->
