<?xml version="1.0" encoding="UTF-8"?>
<!-- Generated by org.testng.reporters.JUnitReportReporter -->
<testsuite name="com.openmrs.testcase.TC_PatientDetails" tests="1" time="0.004" ignored="0" failures="0" timestamp="06 May 2023 16:56:45 GMT" skipped="1" hostname="Santhanam" errors="0">
  <testcase name="ConfirmVisit" time="0.004" classname="com.openmrs.testcase.TC_PatientDetails">
    <skipped/>
  </testcase> <!-- ConfirmVisit -->
</testsuite> <!-- com.openmrs.testcase.TC_PatientDetails -->
